\BOOKMARK [1][-]{section.1}{Plantillas}{}
\BOOKMARK [2][-]{subsection.1.1}{C++}{section.1}
\BOOKMARK [2][-]{subsection.1.2}{Entradas especiales con C++}{section.1}
\BOOKMARK [2][-]{subsection.1.3}{Java}{section.1}
\BOOKMARK [1][-]{section.2}{Matem\341tica Aplicada}{}
\BOOKMARK [2][-]{subsection.2.1}{Suma de enteros, suma de cuadrados y suma de cubos}{section.2}
\BOOKMARK [2][-]{subsection.2.2}{Conjunto de partes}{section.2}
\BOOKMARK [2][-]{subsection.2.3}{Fibonacci O\(log \040n\)}{section.2}
\BOOKMARK [2][-]{subsection.2.4}{Geometr\355a}{section.2}
\BOOKMARK [2][-]{subsection.2.5}{\301reas y vol\372menes}{section.2}
\BOOKMARK [2][-]{subsection.2.6}{Algoritmo de Josefo}{section.2}
\BOOKMARK [2][-]{subsection.2.7}{Particiones de A condicionadas}{section.2}
\BOOKMARK [1][-]{section.3}{Combinatoria}{}
\BOOKMARK [2][-]{subsection.3.1}{Cuadro resumen}{section.3}
\BOOKMARK [2][-]{subsection.3.2}{Criba de Erat\363stenes}{section.3}
\BOOKMARK [2][-]{subsection.3.3}{Combinaciones, coeficientes binomiales, tri\341ngulo de Pascal}{section.3}
\BOOKMARK [2][-]{subsection.3.4}{Permutaciones con elementos indistinguibles}{section.3}
\BOOKMARK [2][-]{subsection.3.5}{Desordenes, desarreglos o permutaciones completas}{section.3}
\BOOKMARK [1][-]{section.4}{Librer\355as de Java}{}
\BOOKMARK [2][-]{subsection.4.1}{BigInteger}{section.4}
\BOOKMARK [1][-]{section.5}{Comparaci\363n de Strings}{}
\BOOKMARK [2][-]{subsection.5.1}{KMP}{section.5}
\BOOKMARK [2][-]{subsection.5.2}{Distancia de Levenshtein}{section.5}
\BOOKMARK [1][-]{section.6}{Grafos y \341rboles}{}
\BOOKMARK [2][-]{subsection.6.1}{Dijkstra}{section.6}
\BOOKMARK [2][-]{subsection.6.2}{DFS}{section.6}
\BOOKMARK [2][-]{subsection.6.3}{BFS}{section.6}
\BOOKMARK [2][-]{subsection.6.4}{Lowest Common Ancestor}{section.6}
\BOOKMARK [2][-]{subsection.6.5}{Kruskal + Union-Find}{section.6}
\BOOKMARK [2][-]{subsection.6.6}{Minimum Spanning Tree - Prim}{section.6}
\BOOKMARK [2][-]{subsection.6.7}{M\341ximo Flujo: Ford-Fukerson}{section.6}
\BOOKMARK [2][-]{subsection.6.8}{Floyd - Warshall}{section.6}
\BOOKMARK [2][-]{subsection.6.9}{Sparse Table}{section.6}
\BOOKMARK [2][-]{subsection.6.10}{Segment Tree}{section.6}
\BOOKMARK [1][-]{section.7}{Checklist para WA, TLE y RE}{}
